[0919/100146.002:INFO:CONSOLE(139)] "Event handler of 'x-storagemutated-1' event must be added on the initial evaluation of worker script.", source: https://static.whatsapp.net/rsrc.php/v3/yu/r/cgnXRK1eYx1.js?_nc_x=Ij3Wp8lg5Kz (139)
[0919/100148.822:INFO:CONSOLE(0)] "Error with Permissions-Policy header: Feature xr-spatial-tracking's parameters are ignored.", source:  (0)
[0919/100148.822:INFO:CONSOLE(0)] "Error with Permissions-Policy header: Origin trial controlled feature not enabled: 'attribution-reporting'.", source:  (0)
[0919/100148.822:INFO:CONSOLE(0)] "Error with Permissions-Policy header: Unrecognized feature: 'compute-pressure'.", source:  (0)
[0919/100148.822:INFO:CONSOLE(0)] "Error with Permissions-Policy header: Origin trial controlled feature not enabled: 'interest-cohort'.", source:  (0)
[0919/100148.822:INFO:CONSOLE(0)] "Error with Permissions-Policy header: Unrecognized feature: 'private-state-token-issuance'.", source:  (0)
[0919/100148.822:INFO:CONSOLE(0)] "Error with Permissions-Policy header: Origin trial controlled feature not enabled: 'shared-storage'.", source:  (0)
[0919/100148.822:INFO:CONSOLE(0)] "Error with Permissions-Policy header: Unrecognized feature: 'shared-storage-select-url'.", source:  (0)
[0919/100148.822:INFO:CONSOLE(0)] "Error with Permissions-Policy header: Unrecognized feature: 'private-state-token-redemption'.", source:  (0)
[0919/100148.822:INFO:CONSOLE(0)] "Error with Permissions-Policy header: Unrecognized feature: 'unload'.", source:  (0)
[0919/100148.822:INFO:CONSOLE(0)] "Error with Permissions-Policy header: Unrecognized feature: 'window-management'.", source:  (0)
[0919/100202.095:INFO:CONSOLE(139)] "Event handler of 'x-storagemutated-1' event must be added on the initial evaluation of worker script.", source: https://static.whatsapp.net/rsrc.php/v3/yu/r/cgnXRK1eYx1.js?_nc_x=Ij3Wp8lg5Kz (139)
[0919/100205.610:INFO:CONSOLE(343)] "WAWebLoggerWorker initialized", source: https://static.whatsapp.net/rsrc.php/v3/yx/r/iN3KRIHb-YC.js?_nc_x=Ij3Wp8lg5Kz (343)
[0919/100205.611:INFO:CONSOLE(343)] "[storage] start setSchemaVersions from fts worker interface", source: https://static.whatsapp.net/rsrc.php/v3/yx/r/iN3KRIHb-YC.js?_nc_x=Ij3Wp8lg5Kz (343)
[0919/100205.612:INFO:CONSOLE(343)] "[storage] set schema versions: [model-storage,159,fts-storage,8,jobs-storage,1,lru-media-storage-idb,2,offd-storage,4,qpl-storage,0,signal-storage,6,worker-storage,1,sw,2,wawc,14,wawc_db_enc,2]. is worker? true", source: https://static.whatsapp.net/rsrc.php/v3/yx/r/iN3KRIHb-YC.js?_nc_x=Ij3Wp8lg5Kz (343)
[0919/100304.256:INFO:CONSOLE(343)] "FTS:Delegate: start indexer", source: https://static.whatsapp.net/rsrc.php/v3/yx/r/iN3KRIHb-YC.js?_nc_x=Ij3Wp8lg5Kz (343)
[0919/100304.257:INFO:CONSOLE(343)] "FTS:Delegate: start perform init", source: https://static.whatsapp.net/rsrc.php/v3/yx/r/iN3KRIHb-YC.js?_nc_x=Ij3Wp8lg5Kz (343)
[0919/100304.257:INFO:CONSOLE(343)] "FTS:Delegate: schema versions ready", source: https://static.whatsapp.net/rsrc.php/v3/yx/r/iN3KRIHb-YC.js?_nc_x=Ij3Wp8lg5Kz (343)
[0919/100304.259:INFO:CONSOLE(343)] "FTS:Delegate: before db initialization", source: https://static.whatsapp.net/rsrc.php/v3/yx/r/iN3KRIHb-YC.js?_nc_x=Ij3Wp8lg5Kz (343)
[0919/100304.260:INFO:CONSOLE(343)] "[storage] applying schema versions from [0 to 8] for the database: 'fts-storage'", source: https://static.whatsapp.net/rsrc.php/v3/yx/r/iN3KRIHb-YC.js?_nc_x=Ij3Wp8lg5Kz (343)
[0919/100304.412:INFO:CONSOLE(343)] "[storage] applying schema versions from [0 to 159] for the database: 'model-storage'", source: https://static.whatsapp.net/rsrc.php/v3/yx/r/iN3KRIHb-YC.js?_nc_x=Ij3Wp8lg5Kz (343)
[0919/100312.572:INFO:CONSOLE(343)] "FTS:Delegate: after db initialization", source: https://static.whatsapp.net/rsrc.php/v3/yx/r/iN3KRIHb-YC.js?_nc_x=Ij3Wp8lg5Kz (343)
[0919/100313.201:INFO:CONSOLE(343)] "FTS:Manifest Writer: No changes made, current:['3.1', '1'], latest:['3.1', '1']", source: https://static.whatsapp.net/rsrc.php/v3/yx/r/iN3KRIHb-YC.js?_nc_x=Ij3Wp8lg5Kz (343)
[0919/100313.203:INFO:CONSOLE(343)] "FTS:Delegate: Inited", source: https://static.whatsapp.net/rsrc.php/v3/yx/r/iN3KRIHb-YC.js?_nc_x=Ij3Wp8lg5Kz (343)
[0919/100313.211:INFO:CONSOLE(343)] "FTS:Delegate: Init indexing ops", source: https://static.whatsapp.net/rsrc.php/v3/yx/r/iN3KRIHb-YC.js?_nc_x=Ij3Wp8lg5Kz (343)
[0919/100315.566:INFO:CONSOLE(343)] "FTS:Indexer:indexQueuedBatch: Starting new batch size : 1000", source: https://static.whatsapp.net/rsrc.php/v3/yx/r/iN3KRIHb-YC.js?_nc_x=Ij3Wp8lg5Kz (343)
[0919/100319.959:INFO:CONSOLE(343)] "FTS:Indexer:indexQueuedBatch: Completed batch", source: https://static.whatsapp.net/rsrc.php/v3/yx/r/iN3KRIHb-YC.js?_nc_x=Ij3Wp8lg5Kz (343)
[0919/100325.672:INFO:CONSOLE(343)] "FTS:Indexer:indexQueuedBatch: Completed", source: https://static.whatsapp.net/rsrc.php/v3/yx/r/iN3KRIHb-YC.js?_nc_x=Ij3Wp8lg5Kz (343)
[0919/100332.282:INFO:CONSOLE(343)] "FTS:Indexer:indexQueuedBatch: Starting new batch size : 1000", source: https://static.whatsapp.net/rsrc.php/v3/yx/r/iN3KRIHb-YC.js?_nc_x=Ij3Wp8lg5Kz (343)
[0919/100333.957:INFO:CONSOLE(343)] "FTS:Indexer:indexQueuedBatch: Completed batch", source: https://static.whatsapp.net/rsrc.php/v3/yx/r/iN3KRIHb-YC.js?_nc_x=Ij3Wp8lg5Kz (343)
[0919/100335.407:INFO:CONSOLE(343)] "FTS:Indexer:indexQueuedBatch: Completed", source: https://static.whatsapp.net/rsrc.php/v3/yx/r/iN3KRIHb-YC.js?_nc_x=Ij3Wp8lg5Kz (343)
[0919/100355.915:INFO:CONSOLE(139)] "Event handler of 'x-storagemutated-1' event must be added on the initial evaluation of worker script.", source: https://static.whatsapp.net/rsrc.php/v3/yu/r/cgnXRK1eYx1.js?_nc_x=Ij3Wp8lg5Kz (139)
[0919/100357.707:INFO:CONSOLE(343)] "FTS:Indexer:indexQueuedBatch: Starting new batch size : 1000", source: https://static.whatsapp.net/rsrc.php/v3/yx/r/iN3KRIHb-YC.js?_nc_x=Ij3Wp8lg5Kz (343)
[0919/100359.415:INFO:CONSOLE(343)] "FTS:Indexer:indexQueuedBatch: Completed batch", source: https://static.whatsapp.net/rsrc.php/v3/yx/r/iN3KRIHb-YC.js?_nc_x=Ij3Wp8lg5Kz (343)
[0919/100400.038:INFO:CONSOLE(343)] "FTS:Indexer:indexQueuedBatch: Completed", source: https://static.whatsapp.net/rsrc.php/v3/yx/r/iN3KRIHb-YC.js?_nc_x=Ij3Wp8lg5Kz (343)
[0919/100407.017:INFO:CONSOLE(343)] "FTS:Indexer:indexQueuedBatch: Starting new batch size : 1000", source: https://static.whatsapp.net/rsrc.php/v3/yx/r/iN3KRIHb-YC.js?_nc_x=Ij3Wp8lg5Kz (343)
[0919/100407.780:INFO:CONSOLE(343)] "FTS:Indexer:indexQueuedBatch: Completed batch", source: https://static.whatsapp.net/rsrc.php/v3/yx/r/iN3KRIHb-YC.js?_nc_x=Ij3Wp8lg5Kz (343)
[0919/100407.972:INFO:CONSOLE(343)] "FTS:Indexer:indexQueuedBatch: Completed batch", source: https://static.whatsapp.net/rsrc.php/v3/yx/r/iN3KRIHb-YC.js?_nc_x=Ij3Wp8lg5Kz (343)
[0919/100408.004:INFO:CONSOLE(343)] "FTS:Indexer:indexQueuedBatch: Completed", source: https://static.whatsapp.net/rsrc.php/v3/yx/r/iN3KRIHb-YC.js?_nc_x=Ij3Wp8lg5Kz (343)
[0919/100408.131:INFO:CONSOLE(343)] "FTS:Indexer:indexQueuedBatch: Starting new batch size : 1000", source: https://static.whatsapp.net/rsrc.php/v3/yx/r/iN3KRIHb-YC.js?_nc_x=Ij3Wp8lg5Kz (343)
[0919/100408.512:INFO:CONSOLE(343)] "FTS:Indexer:indexQueuedBatch: Completed batch", source: https://static.whatsapp.net/rsrc.php/v3/yx/r/iN3KRIHb-YC.js?_nc_x=Ij3Wp8lg5Kz (343)
[0919/100408.548:INFO:CONSOLE(343)] "FTS:Indexer:indexQueuedBatch: Completed", source: https://static.whatsapp.net/rsrc.php/v3/yx/r/iN3KRIHb-YC.js?_nc_x=Ij3Wp8lg5Kz (343)
[0919/100423.675:INFO:CONSOLE(343)] "FTS:Indexer:indexQueuedBatch: Starting new batch size : 1000", source: https://static.whatsapp.net/rsrc.php/v3/yx/r/iN3KRIHb-YC.js?_nc_x=Ij3Wp8lg5Kz (343)
[0919/100423.716:INFO:CONSOLE(343)] "FTS:Indexer:indexQueuedBatch: Completed batch", source: https://static.whatsapp.net/rsrc.php/v3/yx/r/iN3KRIHb-YC.js?_nc_x=Ij3Wp8lg5Kz (343)
[0919/100423.762:INFO:CONSOLE(343)] "FTS:Indexer:indexQueuedBatch: Completed", source: https://static.whatsapp.net/rsrc.php/v3/yx/r/iN3KRIHb-YC.js?_nc_x=Ij3Wp8lg5Kz (343)
[0919/100424.863:INFO:CONSOLE(343)] "FTS:Indexer:indexQueuedBatch: Starting new batch size : 1000", source: https://static.whatsapp.net/rsrc.php/v3/yx/r/iN3KRIHb-YC.js?_nc_x=Ij3Wp8lg5Kz (343)
[0919/100425.023:INFO:CONSOLE(343)] "FTS:Indexer:indexQueuedBatch: Completed batch", source: https://static.whatsapp.net/rsrc.php/v3/yx/r/iN3KRIHb-YC.js?_nc_x=Ij3Wp8lg5Kz (343)
[0919/100425.024:INFO:CONSOLE(343)] "FTS:Indexer:indexQueuedBatch: Completed", source: https://static.whatsapp.net/rsrc.php/v3/yx/r/iN3KRIHb-YC.js?_nc_x=Ij3Wp8lg5Kz (343)
[0919/100437.385:INFO:CONSOLE(343)] "FTS:Indexer:indexQueuedBatch: Starting new batch size : 1000", source: https://static.whatsapp.net/rsrc.php/v3/yx/r/iN3KRIHb-YC.js?_nc_x=Ij3Wp8lg5Kz (343)
[0919/100437.436:INFO:CONSOLE(343)] "FTS:Indexer:indexQueuedBatch: Completed batch", source: https://static.whatsapp.net/rsrc.php/v3/yx/r/iN3KRIHb-YC.js?_nc_x=Ij3Wp8lg5Kz (343)
[0919/100437.451:INFO:CONSOLE(343)] "FTS:Indexer:indexQueuedBatch: Completed", source: https://static.whatsapp.net/rsrc.php/v3/yx/r/iN3KRIHb-YC.js?_nc_x=Ij3Wp8lg5Kz (343)
[0919/100459.927:INFO:CONSOLE(343)] "FTS:Indexer:indexQueuedBatch: Starting new batch size : 1000", source: https://static.whatsapp.net/rsrc.php/v3/yx/r/iN3KRIHb-YC.js?_nc_x=Ij3Wp8lg5Kz (343)
[0919/100459.928:INFO:CONSOLE(343)] "FTS:Indexer:indexQueuedBatch: Completed batch", source: https://static.whatsapp.net/rsrc.php/v3/yx/r/iN3KRIHb-YC.js?_nc_x=Ij3Wp8lg5Kz (343)
[0919/100459.946:INFO:CONSOLE(343)] "FTS:Indexer:indexQueuedBatch: Completed", source: https://static.whatsapp.net/rsrc.php/v3/yx/r/iN3KRIHb-YC.js?_nc_x=Ij3Wp8lg5Kz (343)
[0919/100500.152:INFO:CONSOLE(343)] "FTS:Indexer:indexQueuedBatch: Starting new batch size : 1000", source: https://static.whatsapp.net/rsrc.php/v3/yx/r/iN3KRIHb-YC.js?_nc_x=Ij3Wp8lg5Kz (343)
[0919/100500.439:INFO:CONSOLE(343)] "FTS:Indexer:indexQueuedBatch: Completed batch", source: https://static.whatsapp.net/rsrc.php/v3/yx/r/iN3KRIHb-YC.js?_nc_x=Ij3Wp8lg5Kz (343)
[0919/100500.440:INFO:CONSOLE(343)] "FTS:Indexer:indexQueuedBatch: Completed", source: https://static.whatsapp.net/rsrc.php/v3/yx/r/iN3KRIHb-YC.js?_nc_x=Ij3Wp8lg5Kz (343)
[0919/100500.645:INFO:CONSOLE(343)] "FTS:Indexer:indexQueuedBatch: Starting new batch size : 1000", source: https://static.whatsapp.net/rsrc.php/v3/yx/r/iN3KRIHb-YC.js?_nc_x=Ij3Wp8lg5Kz (343)
[0919/100501.068:INFO:CONSOLE(343)] "FTS:Indexer:indexQueuedBatch: Completed batch", source: https://static.whatsapp.net/rsrc.php/v3/yx/r/iN3KRIHb-YC.js?_nc_x=Ij3Wp8lg5Kz (343)
[0919/100501.069:INFO:CONSOLE(343)] "FTS:Indexer:indexQueuedBatch: Completed", source: https://static.whatsapp.net/rsrc.php/v3/yx/r/iN3KRIHb-YC.js?_nc_x=Ij3Wp8lg5Kz (343)
[0919/100612.153:INFO:CONSOLE(343)] "FTS:Indexer:indexQueuedBatch: Starting new batch size : 1000", source: https://static.whatsapp.net/rsrc.php/v3/yx/r/iN3KRIHb-YC.js?_nc_x=Ij3Wp8lg5Kz (343)
[0919/100612.428:INFO:CONSOLE(343)] "FTS:Indexer:indexQueuedBatch: Completed batch", source: https://static.whatsapp.net/rsrc.php/v3/yx/r/iN3KRIHb-YC.js?_nc_x=Ij3Wp8lg5Kz (343)
[0919/100616.589:INFO:CONSOLE(139)] "Event handler of 'x-storagemutated-1' event must be added on the initial evaluation of worker script.", source: https://static.whatsapp.net/rsrc.php/v3/yu/r/cgnXRK1eYx1.js?_nc_x=Ij3Wp8lg5Kz (139)
[0919/100618.201:INFO:CONSOLE(343)] "FTS:Indexer:indexQueuedBatch: Completed", source: https://static.whatsapp.net/rsrc.php/v3/yx/r/iN3KRIHb-YC.js?_nc_x=Ij3Wp8lg5Kz (343)
[0919/100627.343:INFO:CONSOLE(343)] "FTS:Indexer:indexQueuedBatch: Starting new batch size : 1000", source: https://static.whatsapp.net/rsrc.php/v3/yx/r/iN3KRIHb-YC.js?_nc_x=Ij3Wp8lg5Kz (343)
[0919/100627.400:INFO:CONSOLE(343)] "FTS:Indexer:indexQueuedBatch: Completed batch", source: https://static.whatsapp.net/rsrc.php/v3/yx/r/iN3KRIHb-YC.js?_nc_x=Ij3Wp8lg5Kz (343)
[0919/100627.465:INFO:CONSOLE(343)] "FTS:Indexer:indexQueuedBatch: Completed", source: https://static.whatsapp.net/rsrc.php/v3/yx/r/iN3KRIHb-YC.js?_nc_x=Ij3Wp8lg5Kz (343)
[0919/100627.622:INFO:CONSOLE(343)] "FTS:Indexer:indexQueuedBatch: Starting new batch size : 1000", source: https://static.whatsapp.net/rsrc.php/v3/yx/r/iN3KRIHb-YC.js?_nc_x=Ij3Wp8lg5Kz (343)
[0919/100627.636:INFO:CONSOLE(343)] "FTS:Indexer:indexQueuedBatch: Completed", source: https://static.whatsapp.net/rsrc.php/v3/yx/r/iN3KRIHb-YC.js?_nc_x=Ij3Wp8lg5Kz (343)
[0919/100641.285:INFO:CONSOLE(343)] "FTS:Indexer:indexQueuedBatch: Starting new batch size : 1000", source: https://static.whatsapp.net/rsrc.php/v3/yx/r/iN3KRIHb-YC.js?_nc_x=Ij3Wp8lg5Kz (343)
[0919/100641.457:INFO:CONSOLE(343)] "FTS:Indexer:indexQueuedBatch: Completed batch", source: https://static.whatsapp.net/rsrc.php/v3/yx/r/iN3KRIHb-YC.js?_nc_x=Ij3Wp8lg5Kz (343)
[0919/100641.549:INFO:CONSOLE(343)] "FTS:Indexer:indexQueuedBatch: Completed", source: https://static.whatsapp.net/rsrc.php/v3/yx/r/iN3KRIHb-YC.js?_nc_x=Ij3Wp8lg5Kz (343)
[0919/100641.786:INFO:CONSOLE(343)] "FTS:Indexer:indexQueuedBatch: Starting new batch size : 1000", source: https://static.whatsapp.net/rsrc.php/v3/yx/r/iN3KRIHb-YC.js?_nc_x=Ij3Wp8lg5Kz (343)
[0919/100642.113:INFO:CONSOLE(343)] "FTS:Indexer:indexQueuedBatch: Completed batch", source: https://static.whatsapp.net/rsrc.php/v3/yx/r/iN3KRIHb-YC.js?_nc_x=Ij3Wp8lg5Kz (343)
[0919/100642.121:INFO:CONSOLE(343)] "FTS:Indexer:indexQueuedBatch: Completed", source: https://static.whatsapp.net/rsrc.php/v3/yx/r/iN3KRIHb-YC.js?_nc_x=Ij3Wp8lg5Kz (343)
[0919/100702.761:INFO:CONSOLE(343)] "FTS:Indexer:indexQueuedBatch: Starting new batch size : 1000", source: https://static.whatsapp.net/rsrc.php/v3/yx/r/iN3KRIHb-YC.js?_nc_x=Ij3Wp8lg5Kz (343)
[0919/100703.838:INFO:CONSOLE(343)] "FTS:Indexer:indexQueuedBatch: Completed batch", source: https://static.whatsapp.net/rsrc.php/v3/yx/r/iN3KRIHb-YC.js?_nc_x=Ij3Wp8lg5Kz (343)
[0919/100703.851:INFO:CONSOLE(343)] "FTS:Indexer:indexQueuedBatch: Completed", source: https://static.whatsapp.net/rsrc.php/v3/yx/r/iN3KRIHb-YC.js?_nc_x=Ij3Wp8lg5Kz (343)
[0919/100728.859:INFO:CONSOLE(139)] "Event handler of 'x-storagemutated-1' event must be added on the initial evaluation of worker script.", source: https://static.whatsapp.net/rsrc.php/v3/yu/r/cgnXRK1eYx1.js?_nc_x=Ij3Wp8lg5Kz (139)
[0919/101214.145:INFO:CONSOLE(343)] "FTS:Indexer:indexQueuedBatch: Starting new batch size : 1000", source: https://static.whatsapp.net/rsrc.php/v3/yx/r/iN3KRIHb-YC.js?_nc_x=Ij3Wp8lg5Kz (343)
[0919/101219.430:INFO:CONSOLE(343)] "FTS:Indexer:indexQueuedBatch: Completed batch", source: https://static.whatsapp.net/rsrc.php/v3/yx/r/iN3KRIHb-YC.js?_nc_x=Ij3Wp8lg5Kz (343)
[0919/101220.139:INFO:CONSOLE(343)] "FTS:Indexer:indexQueuedBatch: Completed", source: https://static.whatsapp.net/rsrc.php/v3/yx/r/iN3KRIHb-YC.js?_nc_x=Ij3Wp8lg5Kz (343)
[0919/101317.075:INFO:CONSOLE(343)] "FTS:Indexer:indexQueuedBatch: Starting new batch size : 1000", source: https://static.whatsapp.net/rsrc.php/v3/yx/r/iN3KRIHb-YC.js?_nc_x=Ij3Wp8lg5Kz (343)
[0919/101317.410:INFO:CONSOLE(343)] "FTS:Indexer:indexQueuedBatch: Completed batch", source: https://static.whatsapp.net/rsrc.php/v3/yx/r/iN3KRIHb-YC.js?_nc_x=Ij3Wp8lg5Kz (343)
[0919/101317.566:INFO:CONSOLE(343)] "FTS:Indexer:indexQueuedBatch: Completed", source: https://static.whatsapp.net/rsrc.php/v3/yx/r/iN3KRIHb-YC.js?_nc_x=Ij3Wp8lg5Kz (343)
[0919/101700.782:INFO:CONSOLE(343)] "FTS:Indexer:indexQueuedBatch: Starting new batch size : 1000", source: https://static.whatsapp.net/rsrc.php/v3/yx/r/iN3KRIHb-YC.js?_nc_x=Ij3Wp8lg5Kz (343)
[0919/101706.205:INFO:CONSOLE(343)] "FTS:Indexer:indexQueuedBatch: Completed batch", source: https://static.whatsapp.net/rsrc.php/v3/yx/r/iN3KRIHb-YC.js?_nc_x=Ij3Wp8lg5Kz (343)
[0919/101706.359:INFO:CONSOLE(343)] "FTS:Indexer:indexQueuedBatch: Completed", source: https://static.whatsapp.net/rsrc.php/v3/yx/r/iN3KRIHb-YC.js?_nc_x=Ij3Wp8lg5Kz (343)
[0919/101709.195:INFO:CONSOLE(343)] "FTS:Indexer:indexQueuedBatch: Starting new batch size : 1000", source: https://static.whatsapp.net/rsrc.php/v3/yx/r/iN3KRIHb-YC.js?_nc_x=Ij3Wp8lg5Kz (343)
[0919/101709.466:INFO:CONSOLE(343)] "FTS:Indexer:indexQueuedBatch: Completed", source: https://static.whatsapp.net/rsrc.php/v3/yx/r/iN3KRIHb-YC.js?_nc_x=Ij3Wp8lg5Kz (343)
[0919/101710.387:INFO:CONSOLE(343)] "FTS:Indexer:indexQueuedBatch: Starting new batch size : 1000", source: https://static.whatsapp.net/rsrc.php/v3/yx/r/iN3KRIHb-YC.js?_nc_x=Ij3Wp8lg5Kz (343)
[0919/101712.787:INFO:CONSOLE(343)] "FTS:Indexer:indexQueuedBatch: Completed batch", source: https://static.whatsapp.net/rsrc.php/v3/yx/r/iN3KRIHb-YC.js?_nc_x=Ij3Wp8lg5Kz (343)
[0919/101714.483:INFO:CONSOLE(343)] "FTS:Indexer:indexQueuedBatch: Completed", source: https://static.whatsapp.net/rsrc.php/v3/yx/r/iN3KRIHb-YC.js?_nc_x=Ij3Wp8lg5Kz (343)
[0919/101716.163:INFO:CONSOLE(343)] "FTS:Indexer:indexQueuedBatch: Starting new batch size : 1000", source: https://static.whatsapp.net/rsrc.php/v3/yx/r/iN3KRIHb-YC.js?_nc_x=Ij3Wp8lg5Kz (343)
[0919/101718.868:INFO:CONSOLE(343)] "FTS:Indexer:indexQueuedBatch: Completed batch", source: https://static.whatsapp.net/rsrc.php/v3/yx/r/iN3KRIHb-YC.js?_nc_x=Ij3Wp8lg5Kz (343)
[0919/101718.983:INFO:CONSOLE(343)] "FTS:Indexer:indexQueuedBatch: Completed", source: https://static.whatsapp.net/rsrc.php/v3/yx/r/iN3KRIHb-YC.js?_nc_x=Ij3Wp8lg5Kz (343)
[0919/101720.155:INFO:CONSOLE(343)] "FTS:Indexer:indexQueuedBatch: Starting new batch size : 1000", source: https://static.whatsapp.net/rsrc.php/v3/yx/r/iN3KRIHb-YC.js?_nc_x=Ij3Wp8lg5Kz (343)
[0919/101720.339:INFO:CONSOLE(343)] "FTS:Indexer:indexQueuedBatch: Completed batch", source: https://static.whatsapp.net/rsrc.php/v3/yx/r/iN3KRIHb-YC.js?_nc_x=Ij3Wp8lg5Kz (343)
[0919/101720.918:INFO:CONSOLE(343)] "FTS:Indexer:indexQueuedBatch: Completed", source: https://static.whatsapp.net/rsrc.php/v3/yx/r/iN3KRIHb-YC.js?_nc_x=Ij3Wp8lg5Kz (343)
[0919/101723.283:INFO:CONSOLE(139)] "Event handler of 'x-storagemutated-1' event must be added on the initial evaluation of worker script.", source: https://static.whatsapp.net/rsrc.php/v3/yu/r/cgnXRK1eYx1.js?_nc_x=Ij3Wp8lg5Kz (139)
[0919/101724.565:INFO:CONSOLE(343)] "FTS:Indexer:indexQueuedBatch: Starting new batch size : 1000", source: https://static.whatsapp.net/rsrc.php/v3/yx/r/iN3KRIHb-YC.js?_nc_x=Ij3Wp8lg5Kz (343)
[0919/101725.695:INFO:CONSOLE(343)] "FTS:Indexer:indexQueuedBatch: Completed batch", source: https://static.whatsapp.net/rsrc.php/v3/yx/r/iN3KRIHb-YC.js?_nc_x=Ij3Wp8lg5Kz (343)
[0919/101725.794:INFO:CONSOLE(343)] "FTS:Indexer:indexQueuedBatch: Completed", source: https://static.whatsapp.net/rsrc.php/v3/yx/r/iN3KRIHb-YC.js?_nc_x=Ij3Wp8lg5Kz (343)
[0919/101726.707:INFO:CONSOLE(343)] "FTS:Indexer:indexQueuedBatch: Starting new batch size : 1000", source: https://static.whatsapp.net/rsrc.php/v3/yx/r/iN3KRIHb-YC.js?_nc_x=Ij3Wp8lg5Kz (343)
[0919/101726.879:INFO:CONSOLE(343)] "FTS:Indexer:indexQueuedBatch: Completed batch", source: https://static.whatsapp.net/rsrc.php/v3/yx/r/iN3KRIHb-YC.js?_nc_x=Ij3Wp8lg5Kz (343)
[0919/101727.122:INFO:CONSOLE(343)] "FTS:Indexer:indexQueuedBatch: Completed", source: https://static.whatsapp.net/rsrc.php/v3/yx/r/iN3KRIHb-YC.js?_nc_x=Ij3Wp8lg5Kz (343)
[0919/101813.233:INFO:CONSOLE(343)] "FTS:Indexer:indexQueuedBatch: Starting new batch size : 1000", source: https://static.whatsapp.net/rsrc.php/v3/yx/r/iN3KRIHb-YC.js?_nc_x=Ij3Wp8lg5Kz (343)
[0919/101816.464:INFO:CONSOLE(343)] "FTS:Indexer:indexQueuedBatch: Completed batch", source: https://static.whatsapp.net/rsrc.php/v3/yx/r/iN3KRIHb-YC.js?_nc_x=Ij3Wp8lg5Kz (343)
[0919/101816.753:INFO:CONSOLE(343)] "FTS:Indexer:indexQueuedBatch: Completed", source: https://static.whatsapp.net/rsrc.php/v3/yx/r/iN3KRIHb-YC.js?_nc_x=Ij3Wp8lg5Kz (343)
[0919/101913.395:INFO:CONSOLE(343)] "FTS:Indexer:indexQueuedBatch: Starting new batch size : 1000", source: https://static.whatsapp.net/rsrc.php/v3/yx/r/iN3KRIHb-YC.js?_nc_x=Ij3Wp8lg5Kz (343)
[0919/101914.743:INFO:CONSOLE(343)] "FTS:Indexer:indexQueuedBatch: Completed batch", source: https://static.whatsapp.net/rsrc.php/v3/yx/r/iN3KRIHb-YC.js?_nc_x=Ij3Wp8lg5Kz (343)
[0919/101914.744:INFO:CONSOLE(343)] "FTS:Indexer:indexQueuedBatch: Completed", source: https://static.whatsapp.net/rsrc.php/v3/yx/r/iN3KRIHb-YC.js?_nc_x=Ij3Wp8lg5Kz (343)
[0919/101917.681:INFO:CONSOLE(139)] "Event handler of 'x-storagemutated-1' event must be added on the initial evaluation of worker script.", source: https://static.whatsapp.net/rsrc.php/v3/yu/r/cgnXRK1eYx1.js?_nc_x=Ij3Wp8lg5Kz (139)
[0919/102152.962:INFO:CONSOLE(343)] "FTS:Indexer:indexQueuedBatch: Starting new batch size : 1000", source: https://static.whatsapp.net/rsrc.php/v3/yx/r/iN3KRIHb-YC.js?_nc_x=Ij3Wp8lg5Kz (343)
[0919/102153.373:INFO:CONSOLE(343)] "FTS:Indexer:indexQueuedBatch: Completed batch", source: https://static.whatsapp.net/rsrc.php/v3/yx/r/iN3KRIHb-YC.js?_nc_x=Ij3Wp8lg5Kz (343)
[0919/102153.550:INFO:CONSOLE(343)] "FTS:Indexer:indexQueuedBatch: Completed", source: https://static.whatsapp.net/rsrc.php/v3/yx/r/iN3KRIHb-YC.js?_nc_x=Ij3Wp8lg5Kz (343)
[0919/102154.400:INFO:CONSOLE(343)] "FTS:Indexer:indexQueuedBatch: Starting new batch size : 1000", source: https://static.whatsapp.net/rsrc.php/v3/yx/r/iN3KRIHb-YC.js?_nc_x=Ij3Wp8lg5Kz (343)
[0919/102154.569:INFO:CONSOLE(343)] "FTS:Indexer:indexQueuedBatch: Completed batch", source: https://static.whatsapp.net/rsrc.php/v3/yx/r/iN3KRIHb-YC.js?_nc_x=Ij3Wp8lg5Kz (343)
[0919/102154.627:INFO:CONSOLE(343)] "FTS:Indexer:indexQueuedBatch: Completed", source: https://static.whatsapp.net/rsrc.php/v3/yx/r/iN3KRIHb-YC.js?_nc_x=Ij3Wp8lg5Kz (343)
[0919/102158.131:INFO:CONSOLE(139)] "Event handler of 'x-storagemutated-1' event must be added on the initial evaluation of worker script.", source: https://static.whatsapp.net/rsrc.php/v3/yu/r/cgnXRK1eYx1.js?_nc_x=Ij3Wp8lg5Kz (139)
[0919/102202.508:INFO:CONSOLE(343)] "FTS:Indexer:indexQueuedBatch: Starting new batch size : 1000", source: https://static.whatsapp.net/rsrc.php/v3/yx/r/iN3KRIHb-YC.js?_nc_x=Ij3Wp8lg5Kz (343)
[0919/102203.238:INFO:CONSOLE(343)] "FTS:Indexer:indexQueuedBatch: Completed batch", source: https://static.whatsapp.net/rsrc.php/v3/yx/r/iN3KRIHb-YC.js?_nc_x=Ij3Wp8lg5Kz (343)
[0919/102203.551:INFO:CONSOLE(343)] "FTS:Indexer:indexQueuedBatch: Completed", source: https://static.whatsapp.net/rsrc.php/v3/yx/r/iN3KRIHb-YC.js?_nc_x=Ij3Wp8lg5Kz (343)
[0919/102211.042:INFO:CONSOLE(343)] "FTS:Indexer:indexQueuedBatch: Starting new batch size : 1000", source: https://static.whatsapp.net/rsrc.php/v3/yx/r/iN3KRIHb-YC.js?_nc_x=Ij3Wp8lg5Kz (343)
[0919/102211.111:INFO:CONSOLE(343)] "FTS:Indexer:indexQueuedBatch: Completed batch", source: https://static.whatsapp.net/rsrc.php/v3/yx/r/iN3KRIHb-YC.js?_nc_x=Ij3Wp8lg5Kz (343)
[0919/102211.172:INFO:CONSOLE(343)] "FTS:Indexer:indexQueuedBatch: Completed", source: https://static.whatsapp.net/rsrc.php/v3/yx/r/iN3KRIHb-YC.js?_nc_x=Ij3Wp8lg5Kz (343)
